2022-06-28 22:19:43,094 INFO o.a.j.u.JMeterUtils: Setting Locale to en_EN
2022-06-28 22:19:43,105 INFO o.a.j.JMeter: Loading user properties from: C:\Users\NibrazKhan\Desktop\apache-jmeter-5.5\bin\user.properties
2022-06-28 22:19:43,105 INFO o.a.j.JMeter: Loading system properties from: C:\Users\NibrazKhan\Desktop\apache-jmeter-5.5\bin\system.properties
2022-06-28 22:19:43,114 INFO o.a.j.JMeter: Copyright (c) 1998-2022 The Apache Software Foundation
2022-06-28 22:19:43,114 INFO o.a.j.JMeter: Version 5.5
2022-06-28 22:19:43,114 INFO o.a.j.JMeter: java.version=1.8.0_291
2022-06-28 22:19:43,114 INFO o.a.j.JMeter: java.vm.name=Java HotSpot(TM) 64-Bit Server VM
2022-06-28 22:19:43,114 INFO o.a.j.JMeter: os.name=Windows 10
2022-06-28 22:19:43,114 INFO o.a.j.JMeter: os.arch=amd64
2022-06-28 22:19:43,114 INFO o.a.j.JMeter: os.version=10.0
2022-06-28 22:19:43,114 INFO o.a.j.JMeter: file.encoding=Cp1252
2022-06-28 22:19:43,114 INFO o.a.j.JMeter: java.awt.headless=true
2022-06-28 22:19:43,114 INFO o.a.j.JMeter: Max memory     =1073741824
2022-06-28 22:19:43,114 INFO o.a.j.JMeter: Available Processors =16
2022-06-28 22:19:43,121 INFO o.a.j.JMeter: Default Locale=English (EN)
2022-06-28 22:19:43,121 INFO o.a.j.JMeter: JMeter  Locale=English (EN)
2022-06-28 22:19:43,121 INFO o.a.j.JMeter: JMeterHome=C:\Users\NibrazKhan\Desktop\apache-jmeter-5.5
2022-06-28 22:19:43,121 INFO o.a.j.JMeter: user.dir  =C:\Users\NibrazKhan\Desktop\Road to SDT\Assignments\Assignment-4
2022-06-28 22:19:43,122 INFO o.a.j.JMeter: PWD       =C:\Users\NibrazKhan\Desktop\Road to SDT\Assignments\Assignment-4
2022-06-28 22:19:43,157 INFO o.a.j.JMeter: IP: 192.168.0.102 Name: DESKTOP-QROR17O FullName: 192.168.0.102
2022-06-28 22:19:43,183 INFO o.a.j.JMeter: Setting property 'jmeter.reportgenerator.outputdir' to:'C:\Users\NibrazKhan\Desktop\Road to SDT\Assignments\Assignment-4\Reports'
2022-06-28 22:19:43,185 INFO o.a.j.s.FileServer: Default base='C:\Users\NibrazKhan\Desktop\Road to SDT\Assignments\Assignment-4'
2022-06-28 22:19:43,186 INFO o.a.j.s.FileServer: Set new base='C:\Users\NibrazKhan\Desktop\Road to SDT\Assignments\Assignment-4'
2022-06-28 22:19:43,285 INFO o.a.j.s.SaveService: Testplan (JMX) version: 2.2. Testlog (JTL) version: 2.2
2022-06-28 22:19:43,301 INFO o.a.j.s.SaveService: Using SaveService properties file encoding UTF-8
2022-06-28 22:19:43,304 INFO o.a.j.s.SaveService: Using SaveService properties version 5.0
2022-06-28 22:19:43,308 INFO o.a.j.s.SaveService: Loading file: Dmoney_API_Project_Jmeter.jmx
2022-06-28 22:19:43,339 INFO o.a.j.p.h.s.HTTPSamplerBase: Parser for text/html is org.apache.jmeter.protocol.http.parser.LagartoBasedHtmlParser
2022-06-28 22:19:43,339 INFO o.a.j.p.h.s.HTTPSamplerBase: Parser for application/xhtml+xml is org.apache.jmeter.protocol.http.parser.LagartoBasedHtmlParser
2022-06-28 22:19:43,340 INFO o.a.j.p.h.s.HTTPSamplerBase: Parser for application/xml is org.apache.jmeter.protocol.http.parser.LagartoBasedHtmlParser
2022-06-28 22:19:43,340 INFO o.a.j.p.h.s.HTTPSamplerBase: Parser for text/xml is org.apache.jmeter.protocol.http.parser.LagartoBasedHtmlParser
2022-06-28 22:19:43,340 INFO o.a.j.p.h.s.HTTPSamplerBase: Parser for text/vnd.wap.wml is org.apache.jmeter.protocol.http.parser.RegexpHTMLParser
2022-06-28 22:19:43,340 INFO o.a.j.p.h.s.HTTPSamplerBase: Parser for text/css is org.apache.jmeter.protocol.http.parser.CssParser
2022-06-28 22:19:43,528 INFO o.a.j.JMeter: Creating summariser <summary>
2022-06-28 22:19:43,532 INFO o.a.j.r.d.ReportGenerator: ReportGenerator will use for Parsing the separator: ','
2022-06-28 22:19:43,532 INFO o.a.j.r.d.ReportGenerator: Will generate report at end of test from  results file: Dmoney_API_Project_Jmeter.csv
2022-06-28 22:19:43,532 INFO o.a.j.r.d.ReportGenerator: Reading report generator properties from: C:\Users\NibrazKhan\Desktop\apache-jmeter-5.5\bin\reportgenerator.properties
2022-06-28 22:19:43,533 INFO o.a.j.r.d.ReportGenerator: Merging with JMeter properties
2022-06-28 22:19:43,537 INFO o.a.j.r.c.ReportGeneratorConfiguration: Property 'jmeter.reportgenerator.temp_dir' not found, using default value 'temp' instead.
2022-06-28 22:19:43,539 INFO o.a.j.r.c.ReportGeneratorConfiguration: Property 'jmeter.reportgenerator.apdex_per_transaction' not found, using default value 'null' instead.
2022-06-28 22:19:43,539 INFO o.a.j.r.c.ReportGeneratorConfiguration: apdex_per_transaction is empty, not APDEX per transaction customization
2022-06-28 22:19:43,539 INFO o.a.j.r.c.ReportGeneratorConfiguration: Property 'jmeter.reportgenerator.sample_filter' not found, using default value 'null' instead.
2022-06-28 22:19:43,540 INFO o.a.j.r.c.ReportGeneratorConfiguration: Property 'jmeter.reportgenerator.report_title' not found, using default value 'null' instead.
2022-06-28 22:19:43,540 INFO o.a.j.r.c.ReportGeneratorConfiguration: Property 'jmeter.reportgenerator.start_date' not found, using default value 'null' instead.
2022-06-28 22:19:43,540 INFO o.a.j.r.c.ReportGeneratorConfiguration: Property 'jmeter.reportgenerator.end_date' not found, using default value 'null' instead.
2022-06-28 22:19:43,540 INFO o.a.j.r.c.ReportGeneratorConfiguration: Property 'jmeter.reportgenerator.date_format' not found, using default value 'null' instead.
2022-06-28 22:19:43,540 INFO o.a.j.r.c.ReportGeneratorConfiguration: Will use date range start date: null, end date: null
2022-06-28 22:19:43,544 INFO o.a.j.r.c.ReportGeneratorConfiguration: Property 'jmeter.reportgenerator.graph.totalTPS.exclude_controllers' not found, using default value 'false' instead.
2022-06-28 22:19:43,544 INFO o.a.j.r.c.ReportGeneratorConfiguration: Property 'jmeter.reportgenerator.graph.activeThreadsOverTime.exclude_controllers' not found, using default value 'false' instead.
2022-06-28 22:19:43,545 INFO o.a.j.r.c.ReportGeneratorConfiguration: Property 'jmeter.reportgenerator.graph.timeVsThreads.exclude_controllers' not found, using default value 'false' instead.
2022-06-28 22:19:43,545 INFO o.a.j.r.c.ReportGeneratorConfiguration: Property 'jmeter.reportgenerator.graph.responseTimeDistribution.exclude_controllers' not found, using default value 'false' instead.
2022-06-28 22:19:43,545 INFO o.a.j.r.c.ReportGeneratorConfiguration: Property 'jmeter.reportgenerator.graph.transactionsPerSecond.exclude_controllers' not found, using default value 'false' instead.
2022-06-28 22:19:43,545 INFO o.a.j.r.c.ReportGeneratorConfiguration: Property 'jmeter.reportgenerator.graph.responseTimePercentiles.exclude_controllers' not found, using default value 'false' instead.
2022-06-28 22:19:43,545 INFO o.a.j.r.c.ReportGeneratorConfiguration: Property 'jmeter.reportgenerator.graph.responseTimePercentilesOverTime.exclude_controllers' not found, using default value 'false' instead.
2022-06-28 22:19:43,545 INFO o.a.j.r.c.ReportGeneratorConfiguration: Property 'jmeter.reportgenerator.graph.responseTimesOverTime.exclude_controllers' not found, using default value 'false' instead.
2022-06-28 22:19:43,545 INFO o.a.j.r.c.ReportGeneratorConfiguration: Property 'jmeter.reportgenerator.graph.connectTimeOverTime.exclude_controllers' not found, using default value 'false' instead.
2022-06-28 22:19:43,545 INFO o.a.j.r.c.ReportGeneratorConfiguration: Property 'jmeter.reportgenerator.graph.latenciesOverTime.exclude_controllers' not found, using default value 'false' instead.
2022-06-28 22:19:43,546 INFO o.a.j.r.c.ReportGeneratorConfiguration: Property 'jmeter.reportgenerator.exporter.json.filters_only_sample_series' not found, using default value 'true' instead.
2022-06-28 22:19:43,546 INFO o.a.j.r.c.ReportGeneratorConfiguration: Property 'jmeter.reportgenerator.exporter.json.series_filter' not found, using default value '' instead.
2022-06-28 22:19:43,546 INFO o.a.j.r.c.ReportGeneratorConfiguration: Property 'jmeter.reportgenerator.exporter.json.show_controllers_only' not found, using default value 'false' instead.
2022-06-28 22:19:43,547 INFO o.a.j.r.c.ReportGeneratorConfiguration: Property 'jmeter.reportgenerator.exporter.html.filters_only_sample_series' not found, using default value 'true' instead.
2022-06-28 22:19:43,547 INFO o.a.j.r.c.ReportGeneratorConfiguration: Property 'jmeter.reportgenerator.exporter.html.series_filter' not found, using default value '' instead.
2022-06-28 22:19:43,547 INFO o.a.j.r.c.ReportGeneratorConfiguration: Property 'jmeter.reportgenerator.exporter.html.show_controllers_only' not found, using default value 'false' instead.
2022-06-28 22:19:43,554 INFO o.a.j.e.StandardJMeterEngine: Running the test!
2022-06-28 22:19:43,554 INFO o.a.j.s.SampleEvent: List of sample_variables: []
2022-06-28 22:19:43,555 INFO o.a.j.s.SampleEvent: List of sample_variables: []
2022-06-28 22:19:43,559 INFO o.a.j.e.u.CompoundVariable: Note: Function class names must contain the string: '.functions.'
2022-06-28 22:19:43,559 INFO o.a.j.e.u.CompoundVariable: Note: Function class names must not contain the string: '.gui.'
2022-06-28 22:19:43,768 INFO o.a.j.JMeter: Running test (1656433183768)
2022-06-28 22:19:43,800 INFO o.a.j.e.StandardJMeterEngine: Starting ThreadGroup: 1 : Thread Group
2022-06-28 22:19:43,800 INFO o.a.j.e.StandardJMeterEngine: Starting 1 threads for group Thread Group.
2022-06-28 22:19:43,800 INFO o.a.j.e.StandardJMeterEngine: Thread will continue on error
2022-06-28 22:19:43,800 INFO o.a.j.t.ThreadGroup: Starting thread group... number=1 threads=1 ramp-up=1 delayedStart=false
2022-06-28 22:19:43,804 INFO o.a.j.t.ThreadGroup: Started thread group number 1
2022-06-28 22:19:43,804 INFO o.a.j.e.StandardJMeterEngine: All thread groups have been started
2022-06-28 22:19:43,838 INFO o.a.j.t.JMeterThread: Thread started: Thread Group 1-1
2022-06-28 22:19:43,852 INFO o.a.j.p.h.s.HTTPHCAbstractImpl: Local host = DESKTOP-QROR17O
2022-06-28 22:19:43,856 INFO o.a.j.p.h.s.HTTPHC4Impl: HTTP request retry count = 0
2022-06-28 22:19:43,857 INFO o.a.j.s.SampleResult: Note: Sample TimeStamps are START times
2022-06-28 22:19:43,857 INFO o.a.j.s.SampleResult: sampleresult.default.encoding is set to ISO-8859-1
2022-06-28 22:19:43,857 INFO o.a.j.s.SampleResult: sampleresult.useNanoTime=true
2022-06-28 22:19:43,857 INFO o.a.j.s.SampleResult: sampleresult.nanoThreadSleep=5000
2022-06-28 22:19:46,175 INFO o.a.j.t.JMeterThread: Thread is done: Thread Group 1-1
2022-06-28 22:19:46,175 INFO o.a.j.t.JMeterThread: Thread finished: Thread Group 1-1
2022-06-28 22:19:46,176 INFO o.a.j.e.StandardJMeterEngine: Notifying test listeners of end of test
2022-06-28 22:19:46,178 INFO o.a.j.r.Summariser: summary =      7 in 00:00:02 =    2.9/s Avg:   319 Min:     7 Max:  2131 Err:     0 (0.00%)
2022-06-28 22:19:46,178 INFO o.a.j.JMeter: Generating Dashboard
2022-06-28 22:19:46,178 INFO o.a.j.r.d.ReportGenerator: Flushing result collector before report Generation
2022-06-28 22:19:46,185 INFO o.a.j.r.p.NormalizerSampleConsumer: Using format, 'ms', to parse timeStamp field
2022-06-28 22:19:46,332 INFO o.a.j.r.p.AbstractSampleConsumer: class org.apache.jmeter.report.processor.AggregateConsumer#stopProducing(): beginDate produced 0 samples
2022-06-28 22:19:46,332 INFO o.a.j.r.p.AbstractSampleConsumer: class org.apache.jmeter.report.processor.AggregateConsumer#stopProducing(): endDate produced 0 samples
2022-06-28 22:19:46,333 INFO o.a.j.r.p.AbstractSampleConsumer: class org.apache.jmeter.report.processor.ApdexSummaryConsumer#stopProducing(): apdexSummary produced 0 samples
2022-06-28 22:19:46,333 INFO o.a.j.r.p.AbstractSampleConsumer: class org.apache.jmeter.report.processor.RequestsSummaryConsumer#stopProducing(): requestsSummary produced 0 samples
2022-06-28 22:19:46,339 INFO o.a.j.r.p.AbstractSampleConsumer: class org.apache.jmeter.report.processor.StatisticsSummaryConsumer#stopProducing(): statisticsSummary produced 0 samples
2022-06-28 22:19:46,344 INFO o.a.j.r.p.AbstractSampleConsumer: class org.apache.jmeter.report.processor.Top5ErrorsBySamplerConsumer#stopProducing(): top5ErrorsBySampler produced 0 samples
2022-06-28 22:19:46,344 INFO o.a.j.r.p.AbstractSampleConsumer: class org.apache.jmeter.report.processor.ErrorsSummaryConsumer#stopProducing(): errorsSummary produced 0 samples
2022-06-28 22:19:46,344 INFO o.a.j.r.p.AbstractSampleConsumer: class org.apache.jmeter.report.processor.graph.impl.HitsPerSecondGraphConsumer#stopProducing(): hitsPerSecond produced 0 samples
2022-06-28 22:19:46,351 INFO o.a.j.r.p.AbstractSampleConsumer: class org.apache.jmeter.report.processor.graph.impl.LatencyVSRequestGraphConsumer#stopProducing(): latencyVsRequest produced 0 samples
2022-06-28 22:19:46,352 INFO o.a.j.r.p.AbstractSampleConsumer: class org.apache.jmeter.report.processor.graph.impl.SyntheticResponseTimeDistributionGraphConsumer#stopProducing(): syntheticResponseTimeDistribution produced 0 samples
2022-06-28 22:19:46,352 INFO o.a.j.r.p.AbstractSampleConsumer: class org.apache.jmeter.report.processor.graph.impl.BytesThroughputGraphConsumer#stopProducing(): bytesThroughputOverTime produced 0 samples
2022-06-28 22:19:46,352 INFO o.a.j.r.p.AbstractSampleConsumer: class org.apache.jmeter.report.processor.graph.impl.CodesPerSecondGraphConsumer#stopProducing(): codesPerSecond produced 0 samples
2022-06-28 22:19:46,354 INFO o.a.j.r.p.AbstractSampleConsumer: class org.apache.jmeter.report.processor.graph.impl.ResponseTimeVSRequestGraphConsumer#stopProducing(): responseTimeVsRequest produced 0 samples
2022-06-28 22:19:46,354 INFO o.a.j.r.p.AbstractSampleConsumer: class org.apache.jmeter.report.processor.FilterConsumer#stopProducing(): startIntervalControlerFilter produced 49 samples
2022-06-28 22:19:46,354 INFO o.a.j.r.p.AbstractSampleConsumer: class org.apache.jmeter.report.processor.graph.impl.TotalTPSGraphConsumer#stopProducing(): totalTPS produced 0 samples
2022-06-28 22:19:46,354 INFO o.a.j.r.p.AbstractSampleConsumer: class org.apache.jmeter.report.processor.graph.impl.ActiveThreadsGraphConsumer#stopProducing(): activeThreadsOverTime produced 0 samples
2022-06-28 22:19:46,354 INFO o.a.j.r.p.AbstractSampleConsumer: class org.apache.jmeter.report.processor.graph.impl.TimeVSThreadGraphConsumer#stopProducing(): timeVsThreads produced 0 samples
2022-06-28 22:19:46,355 INFO o.a.j.r.p.AbstractSampleConsumer: class org.apache.jmeter.report.processor.graph.impl.ResponseTimeDistributionGraphConsumer#stopProducing(): responseTimeDistribution produced 0 samples
2022-06-28 22:19:46,355 INFO o.a.j.r.p.AbstractSampleConsumer: class org.apache.jmeter.report.processor.graph.impl.TransactionsPerSecondGraphConsumer#stopProducing(): transactionsPerSecond produced 0 samples
2022-06-28 22:19:46,355 INFO o.a.j.r.p.AbstractSampleConsumer: class org.apache.jmeter.report.processor.graph.impl.ResponseTimePercentilesGraphConsumer#stopProducing(): responseTimePercentiles produced 0 samples
2022-06-28 22:19:46,356 INFO o.a.j.r.p.AbstractSampleConsumer: class org.apache.jmeter.report.processor.graph.impl.ResponseTimePercentilesOverTimeGraphConsumer#stopProducing(): responseTimePercentilesOverTime produced 0 samples
2022-06-28 22:19:46,356 INFO o.a.j.r.p.AbstractSampleConsumer: class org.apache.jmeter.report.processor.graph.impl.ResponseTimeOverTimeGraphConsumer#stopProducing(): responseTimesOverTime produced 0 samples
2022-06-28 22:19:46,356 INFO o.a.j.r.p.AbstractSampleConsumer: class org.apache.jmeter.report.processor.graph.impl.ConnectTimeOverTimeGraphConsumer#stopProducing(): connectTimeOverTime produced 0 samples
2022-06-28 22:19:46,356 INFO o.a.j.r.p.AbstractSampleConsumer: class org.apache.jmeter.report.processor.graph.impl.LatencyOverTimeGraphConsumer#stopProducing(): latenciesOverTime produced 0 samples
2022-06-28 22:19:46,356 INFO o.a.j.r.p.AbstractSampleConsumer: class org.apache.jmeter.report.processor.FilterConsumer#stopProducing(): nameFilter produced 105 samples
2022-06-28 22:19:46,357 INFO o.a.j.r.p.AbstractSampleConsumer: class org.apache.jmeter.report.processor.FilterConsumer#stopProducing(): dateRangeFilter produced 21 samples
2022-06-28 22:19:46,357 INFO o.a.j.r.p.AbstractSampleConsumer: class org.apache.jmeter.report.processor.NormalizerSampleConsumer#stopProducing(): normalizer produced 7 samples
2022-06-28 22:19:46,357 INFO o.a.j.r.p.CsvFileSampleSource: produce(): 7 samples produced in 157ms on channel 0
2022-06-28 22:19:46,357 INFO o.a.j.r.d.ReportGenerator: Exporting data using exporter:'json' of className:'org.apache.jmeter.report.dashboard.JsonExporter'
2022-06-28 22:19:46,436 INFO o.a.j.r.d.JsonExporter: Found data for consumer statisticsSummary in context
2022-06-28 22:19:46,436 INFO o.a.j.r.d.JsonExporter: Creating statistics for overall
2022-06-28 22:19:46,436 INFO o.a.j.r.d.JsonExporter: Creating statistics for other transactions
2022-06-28 22:19:46,437 INFO o.a.j.r.d.JsonExporter: Checking output folder
2022-06-28 22:19:46,437 INFO o.a.j.r.d.JsonExporter: Writing statistics JSON to C:\Users\NibrazKhan\Desktop\Road to SDT\Assignments\Assignment-4\Reports\statistics.json
2022-06-28 22:19:46,469 INFO o.a.j.r.d.ReportGenerator: Exporting data using exporter:'html' of className:'org.apache.jmeter.report.dashboard.HtmlTemplateExporter'
2022-06-28 22:19:46,471 INFO o.a.j.r.d.HtmlTemplateExporter: Will generate dashboard in folder: C:\Users\NibrazKhan\Desktop\Road to SDT\Assignments\Assignment-4\Reports
2022-06-28 22:19:46,565 INFO o.a.j.r.d.HtmlTemplateExporter: Report will be generated in: C:\Users\NibrazKhan\Desktop\Road to SDT\Assignments\Assignment-4\Reports, creating folder structure
2022-06-28 22:19:46,568 INFO o.a.j.r.d.TemplateVisitor: Copying folder from 'C:\Users\NibrazKhan\Desktop\apache-jmeter-5.5\bin\report-template' to 'C:\Users\NibrazKhan\Desktop\Road to SDT\Assignments\Assignment-4\Reports', got message: C:\Users\NibrazKhan\Desktop\Road to SDT\Assignments\Assignment-4\Reports, found non empty folder with following content [C:\Users\NibrazKhan\Desktop\Road to SDT\Assignments\Assignment-4\Reports\statistics.json], will be ignored
2022-06-28 22:19:46,837 INFO o.a.j.JMeter: Dashboard generated
